!! PLEASE REVIEW THIS LOG FOR SENSITIVE INFORMATION BEFORE SHARING !!

Dart Code extension: 3.27.2
Flutter extension: 3.27.0 (not activated)

App: Visual Studio Code
Version: 1.59.1
Platform: linux

HTTP_PROXY: undefined
NO_PROXY: undefined

Logging Categories:
    Analyzer

Wed Nov 10 2021 [16:50:10 GMT-0300 (Horário Padrão de Brasília)] Log file started
[16:50:10] [Analyzer] [Info] Spawning /home/diegocchi/fvm/versions/2.5.1/bin/cache/dart-sdk/bin/dart with args ["/home/diegocchi/fvm/versions/2.5.1/bin/cache/dart-sdk/bin/snapshots/analysis_server.dart.snapshot","--lsp","--client-id=VS-Code","--client-version=3.27.2"]
[16:50:10] [Analyzer] [Info]     PID: 550723
[16:50:10] [Analyzer] [Info] ==> Content-Length: 5017
[16:50:10] [Analyzer] [Info] ==> {"jsonrpc":"2.0","id":0,"method":"initialize","params":{"processId":550537,"clientInfo":{"name":"Visual Studio Code","version":"1.59.1"},"locale":"pt-br","rootPath":"/mnt/disco2/Radocc/Projetos/video_player/rad_video_player_platform_interface","rootUri":"file:///mnt/disco2/Radocc/Projetos/video_player/rad_video_player_platform_interface","capabilities":{"workspace":{"applyEdit":true,"workspaceEdit":{"documentChanges":true,"resourceOperations":["create","rename","delete"],"failureHandling":"textOnlyTransactional","normalizesLineEndings":true,"changeAnnotationSupport":{"groupsOnLabel":true}},"didChangeConfiguration":{"dynamicRegistration":true},"didChangeWatchedFiles":{"dynamicRegistration":true},"symbol":{"dynamicRegistration":true,"symbolKind":{"valueSet":[1,2,3,4,5,6,7,8,9,10,11,12,13,14,15,16,17,18,19,20,21,22,23,24,25,26]},"tagSupport":{"valueSet":[1]}},"codeLens":{"refreshSupport":true},"executeCommand":{"dynamicRegistration":true},"configuration":true,"workspaceFolders":true,"semanticTokens":{"refreshSupport":true},"fileOperations":{"dynamicRegistration":true,"didCreate":true,"didRename":true,"didDelete":true,"willCreate":true,"willRename":true,"willDelete":true}},"textDocument":{"publishDiagnostics":{"relatedInformation":true,"versionSupport":false,"tagSupport":{"valueSet":[1,2]},"codeDescriptionSupport":true,"dataSupport":true},"synchronization":{"dynamicRegistration":true,"willSave":true,"willSaveWaitUntil":true,"didSave":true},"completion":{"dynamicRegistration":true,"contextSupport":true,"completionItem":{"snippetSupport":true,"commitCharactersSupport":true,"documentationFormat":["markdown","plaintext"],"deprecatedSupport":true,"preselectSupport":true,"tagSupport":{"valueSet":[1]},"insertReplaceSupport":true,"resolveSupport":{"properties":["documentation","detail","additionalTextEdits"]},"insertTextModeSupport":{"valueSet":[1,2]}},"completionItemKind":{"valueSet":[1,2,3,4,5,6,7,8,9,10,11,12,13,14,15,16,17,18,19,20,21,22,23,24,25]}},"hover":{"dynamicReg…
[16:50:10] [Analyzer] [Info] <== Content-Length: 398
Content-Type: application/vscode-jsonrpc; charset=utf-8

{"id":0,"jsonrpc":"2.0","result":{"capabilities":{"executeCommandProvider":{"commands":["edit.sortMembers","edit.organizeImports","edit.fixAll","edit.sendWorkspaceEdit","refactor.perform"],"workDoneProgress":true},"workspaceSymbolProvider":true,"workspace":{"workspaceFolders":{"supported":true,"changeNotifications":true}}},"serverInfo":{"name":"Dart SDK LSP Analysis Server","version":"2.14.2"}}}
[16:50:10] [Analyzer] [Info] ==> Content-Length: 52
[16:50:10] [Analyzer] [Info] ==> {"jsonrpc":"2.0","method":"initialized","params":{}}
[16:50:10] [Analyzer] [Info] <== Content-Length: 215
Content-Type: application/vscode-jsonrpc; charset=utf-8
[16:50:10] [Analyzer] [Info] <== {"id":1,"method":"workspace/configuration","params":{"items":[{"scopeUri":"file:///mnt/disco2/Radocc/Projetos/video_player/rad_video_player_platform_interface","section":"dart"},{"section":"dart"}]},"jsonrpc":"2.0"}
[16:50:10] [Analyzer] [Info] ==> Content-Length: 6369
[16:50:10] [Analyzer] [Info] ==> {"jsonrpc":"2.0","id":1,"result":[{"additionalAnalyzerFileExtensions":[],"allowTestsOutsideTestFolder":false,"automaticCommentSlashes":"tripleSlash","cliConsole":"debugConsole","enableSdkFormatter":true,"enableServerSnippets":false,"enableSnippets":true,"env":{},"closingLabels":true,"analysisServerFolding":true,"analysisExcludedFolders":[],"flutterCustomEmulators":[],"debugSdkLibraries":false,"debugExternalPackageLibraries":false,"showDartDeveloperLogs":true,"showSkippedTests":true,"flutterStructuredErrors":true,"enableCompletionCommitCharacters":false,"previewCommitCharacters":false,"triggerSignatureHelpAutomatically":false,"flutterAdbConnectOnChromeOs":false,"flutterTrackWidgetCreation":true,"flutterAdditionalArgs":[],"flutterAttachAdditionalArgs":[],"flutterRunAdditionalArgs":[],"flutterTestAdditionalArgs":[],"showInspectorNotificationsForWidgetErrors":false,"hotReloadProgress":"notification","evaluateGettersInDebugViews":true,"sdkPath":".fvm/flutter_sdk","sdkPaths":[],"debugExtensionBackendProtocol":"ws","devToolsTheme":"dark","devToolsBrowser":"chrome","showDevToolsDebugToolBarButtons":true,"doNotFormat":[],"lineLength":80,"maxLogLineLength":2000,"insertArgumentPlaceholders":true,"completeFunctionCalls":true,"showMainCodeLens":true,"showTestCodeLens":true,"showDartPadSampleCodeLens":true,"showTodos":true,"openTestView":["testRunStart"],"notifyAnalyzerErrors":true,"allowAnalytics":true,"checkForSdkUpdates":true,"pubAdditionalArgs":[],"runPubGetOnPubspecChanges":false,"promptToGetPackages":true,"flutterScreenshotPath":null,"flutterSdkPath":".fvm/flutter_sdk","flutterSdkPaths":[],"flutterHotReloadOnSave":"manual","flutterHotRestartOnSave":true,"flutterCreateOffline":false,"flutterCreateOrganization":null,"flutterCreateIOSLanguage":"swift","flutterCreateAndroidLanguage":"kotlin","analyzeAngularTemplates":true,"flutterOutline":true,"flutterWebRenderer":"auto","analyzerAdditionalArgs":[],"analyzerDiagnosticsPort":null,"analyzerInstrumentationLogFile":null,"analyz…
[16:50:11] [Analyzer] [Info] <== Content-Length: 193
Content-Type: application/vscode-jsonrpc; charset=utf-8
[16:50:11] [Analyzer] [Info] <== {"method":"textDocument/publishDiagnostics","params":{"uri":"file:///mnt/disco2/Radocc/Projetos/video_player/rad_video_player_platform_interface/pubspec.yaml","diagnostics":[]},"jsonrpc":"2.0"}Content-Length: 4311
Content-Type: application/vscode-jsonrpc; charset=utf-8
[16:50:11] [Analyzer] [Info] <== {"id":2,"method":"client/registerCapability","params":{"registrations":[{"id":"0","method":"textDocument/didOpen","registerOptions":{"documentSelector":[{"language":"dart","scheme":"file"},{"language":"yaml","scheme":"file","pattern":"**/pubspec.yaml"},{"language":"yaml","scheme":"file","pattern":"**/analysis_options.yaml"},{"language":"yaml","scheme":"file","pattern":"**/lib/fix_data.yaml"}]}},{"id":"1","method":"textDocument/didClose","registerOptions":{"documentSelector":[{"language":"dart","scheme":"file"},{"language":"yaml","scheme":"file","pattern":"**/pubspec.yaml"},{"language":"yaml","scheme":"file","pattern":"**/analysis_options.yaml"},{"language":"yaml","scheme":"file","pattern":"**/lib/fix_data.yaml"}]}},{"id":"2","method":"textDocument/didChange","registerOptions":{"syncKind":2,"documentSelector":[{"language":"dart","scheme":"file"},{"language":"yaml","scheme":"file","pattern":"**/pubspec.yaml"},{"language":"yaml","scheme":"file","pattern":"**/analysis_options.yaml"},{"language":"yaml","scheme":"file","pattern":"**/lib/fix_data.yaml"}]}},{"id":"3","method":"textDocument/completion","registerOptions":{"documentSelector":[{"language":"dart","scheme":"file"}],"triggerCharacters":[".","=","(","$","\"","'","{","/",":"],"resolveProvider":true}},{"id":"4","method":"textDocument/completion","registerOptions":{"documentSelector":[{"language":"yaml","scheme":"file","pattern":"**/pubspec.yaml"},{"language":"yaml","scheme":"file","pattern":"**/analysis_options.yaml"},{"language":"yaml","scheme":"file","pattern":"**/lib/fix_data.yaml"}],"resolveProvider":true}},{"id":"5","method":"textDocument/hover","registerOptions":{"documentSelector":[{"language":"dart","scheme":"file"}]}},{"id":"6","method":"textDocument/signatureHelp","registerOptions":{"documentSelector":[{"language":"dart","scheme":"file"}],"triggerCharacters":["("],"retriggerCharacters":[","]}},{"id":"7","method":"textDocument/references","registerOptions":{"documentSelector":[{"language":"dart","scheme"…
[16:50:11] [Analyzer] [Info] ==> Content-Length: 794
[16:50:11] [Analyzer] [Info] ==> {"jsonrpc":"2.0","method":"textDocument/didOpen","params":{"textDocument":{"uri":"file:///mnt/disco2/Radocc/Projetos/video_player/rad_video_player_platform_interface/pubspec.yaml","languageId":"yaml","version":1,"text":"name: rad_video_player_platform_interface\ndescription: A common platform interface for the video_player plugin.\nrepository: https://github.com/radocc/rad_video_player_platform_interface\n# NOTE: We strongly prefer non-breaking changes, even at the expense of a\n# less-clean API. See https://flutter.dev/go/platform-interface-breaking-changes\nversion: 4.2.0\n\nenvironment:\n  sdk: \">=2.12.0 <3.0.0\"\n  flutter: \">=2.0.0\"\n\ndependencies:\n  flutter:\n    sdk: flutter\n  flutter_test:\n    sdk: flutter\n  meta: ^1.3.0\n\ndev_dependencies:\n  pedantic: ^1.10.0\n"}}}
[16:50:11] [Analyzer] [Info] ==> Content-Length: 38
[16:50:11] [Analyzer] [Info] ==> {"jsonrpc":"2.0","id":2,"result":null}
[16:50:11] [Analyzer] [Info] <== {"id":3,"method":"window/workDoneProgress/create","params":{"token":"ANALYZING"},"jsonrpc":"2.0"}
[16:50:11] [Analyzer] [Info] ==> Content-Length: 38
[16:50:11] [Analyzer] [Info] ==> {"jsonrpc":"2.0","id":3,"result":null}
[16:50:11] [Analyzer] [Info] <== Content-Length: 118
Content-Type: application/vscode-jsonrpc; charset=utf-8
[16:50:11] [Analyzer] [Info] <== {"method":"$/progress","params":{"token":"ANALYZING","value":{"kind":"begin","title":"Analyzing…"}},"jsonrpc":"2.0"}
[16:50:12] [Analyzer] [Info] <== Content-Length: 198
Content-Type: application/vscode-jsonrpc; charset=utf-8
[16:50:12] [Analyzer] [Info] <== {"method":"textDocument/publishDiagnostics","params":{"uri":"file:///mnt/disco2/Radocc/Projetos/video_player/rad_video_player_platform_interface/lib/messages.dart","diagnostics":[]},"jsonrpc":"2.0"}
[16:50:12] [Analyzer] [Info] <== Content-Length: 194
Content-Type: application/vscode-jsonrpc; charset=utf-8
[16:50:12] [Analyzer] [Info] <== {"method":"textDocument/publishDiagnostics","params":{"uri":"file:///mnt/disco2/Radocc/Projetos/video_player/rad_video_player_platform_interface/lib/test.dart","diagnostics":[]},"jsonrpc":"2.0"}
[16:50:12] [Analyzer] [Info] <== Content-Length: 408
Content-Type: application/vscode-jsonrpc; charset=utf-8
[16:50:12] [Analyzer] [Info] <== {"method":"textDocument/publishDiagnostics","params":{"uri":"file:///mnt/disco2/Radocc/Projetos/video_player/rad_video_player_platform_interface/lib/video_player_platform_interface.dart","diagnostics":[{"range":{"start":{"line":41,"character":5},"end":{"line":41,"character":58}},"severity":3,"code":"todo","source":"dart","message":"TODO(amirh): Extract common platform interface logic."}]},"jsonrpc":"2.0"}
[16:50:12] [Analyzer] [Info] <== Content-Length: 217
Content-Type: application/vscode-jsonrpc; charset=utf-8
[16:50:13] [Analyzer] [Info] ==> Content-Length: 319
[16:50:13] [Analyzer] [Info] ==> {"jsonrpc":"2.0","method":"textDocument/didChange","params":{"textDocument":{"uri":"file:///mnt/disco2/Radocc/Projetos/video_player/rad_video_player_platform_interface/pubspec.yaml","version":2},"contentChanges":[{"range":{"start":{"line":5,"character":9},"end":{"line":5,"character":14}},"rangeLength":5,"text":"0"}]}}
[16:50:13] [Analyzer] [Info] ==> Content-Length: 320
[16:50:13] [Analyzer] [Info] ==> {"jsonrpc":"2.0","method":"textDocument/didChange","params":{"textDocument":{"uri":"file:///mnt/disco2/Radocc/Projetos/video_player/rad_video_player_platform_interface/pubspec.yaml","version":3},"contentChanges":[{"range":{"start":{"line":5,"character":10},"end":{"line":5,"character":10}},"rangeLength":0,"text":"0"}]}}
[16:50:13] [Analyzer] [Info] <== {"method":"textDocument/publishDiagnostics","params":{"uri":"file:///mnt/disco2/Radocc/Projetos/video_player/rad_video_player_platform_interface/lib/method_channel_video_player.dart","diagnostics":[]},"jsonrpc":"2.0"}
[16:50:13] [Analyzer] [Info] <== Content-Length: 416
Content-Type: application/vscode-jsonrpc; charset=utf-8
[16:50:13] [Analyzer] [Info] <== {"method":"textDocument/publishDiagnostics","params":{"uri":"file:///mnt/disco2/Radocc/Projetos/video_player/rad_video_player_platform_interface/test/method_channel_video_player_test.dart","diagnostics":[{"range":{"start":{"line":339,"character":3},"end":{"line":339,"character":60}},"severity":3,"code":"todo","source":"dart","message":"TODO(ianh): Remove this once we roll stable in late 2021."}]},"jsonrpc":"2.0"}
[16:50:13] [Analyzer] [Info] <== Content-Length: 93
Content-Type: application/vscode-jsonrpc; charset=utf-8
[16:50:13] [Analyzer] [Info] <== {"method":"$/progress","params":{"token":"ANALYZING","value":{"kind":"end"}},"jsonrpc":"2.0"}
[16:50:14] [Analyzer] [Info] ==> Content-Length: 319
[16:50:14] [Analyzer] [Info] ==> {"jsonrpc":"2.0","method":"textDocument/didChange","params":{"textDocument":{"uri":"file:///mnt/disco2/Radocc/Projetos/video_player/rad_video_player_platform_interface/pubspec.yaml","version":4},"contentChanges":[{"range":{"start":{"line":5,"character":10},"end":{"line":5,"character":11}},"rangeLength":1,"text":""}]}}
[16:50:14] [Analyzer] [Info] <== Content-Length: 97
Content-Type: application/vscode-jsonrpc; charset=utf-8
[16:50:14] [Analyzer] [Info] <== {"id":4,"method":"window/workDoneProgress/create","params":{"token":"ANALYZING"},"jsonrpc":"2.0"}
[16:50:14] [Analyzer] [Info] ==> Content-Length: 38
[16:50:14] [Analyzer] [Info] ==> {"jsonrpc":"2.0","id":4,"result":null}
[16:50:14] [Analyzer] [Info] <== Content-Length: 118
Content-Type: application/vscode-jsonrpc; charset=utf-8
[16:50:14] [Analyzer] [Info] <== {"method":"$/progress","params":{"token":"ANALYZING","value":{"kind":"begin","title":"Analyzing…"}},"jsonrpc":"2.0"}
[16:50:14] [Analyzer] [Info] <== Content-Length: 93
Content-Type: application/vscode-jsonrpc; charset=utf-8

{"method":"$/progress","params":{"token":"ANALYZING","value":{"kind":"end"}},"jsonrpc":"2.0"}
[16:50:14] [Analyzer] [Info] ==> Content-Length: 320
[16:50:14] [Analyzer] [Info] ==> {"jsonrpc":"2.0","method":"textDocument/didChange","params":{"textDocument":{"uri":"file:///mnt/disco2/Radocc/Projetos/video_player/rad_video_player_platform_interface/pubspec.yaml","version":5},"contentChanges":[{"range":{"start":{"line":5,"character":10},"end":{"line":5,"character":10}},"rangeLength":0,"text":"."}]}}
[16:50:14] [Analyzer] [Info] <== Content-Length: 97
Content-Type: application/vscode-jsonrpc; charset=utf-8
[16:50:14] [Analyzer] [Info] <== {"id":5,"method":"window/workDoneProgress/create","params":{"token":"ANALYZING"},"jsonrpc":"2.0"}
[16:50:14] [Analyzer] [Info] ==> Content-Length: 38
[16:50:14] [Analyzer] [Info] ==> {"jsonrpc":"2.0","id":5,"result":null}
[16:50:14] [Analyzer] [Info] <== Content-Length: 118
Content-Type: application/vscode-jsonrpc; charset=utf-8
[16:50:14] [Analyzer] [Info] <== {"method":"$/progress","params":{"token":"ANALYZING","value":{"kind":"begin","title":"Analyzing…"}},"jsonrpc":"2.0"}
[16:50:14] [Analyzer] [Info] <== Content-Length: 93
Content-Type: application/vscode-jsonrpc; charset=utf-8
[16:50:14] [Analyzer] [Info] <== {"method":"$/progress","params":{"token":"ANALYZING","value":{"kind":"end"}},"jsonrpc":"2.0"}
[16:50:15] [Analyzer] [Info] ==> Content-Length: 320
[16:50:15] [Analyzer] [Info] ==> {"jsonrpc":"2.0","method":"textDocument/didChange","params":{"textDocument":{"uri":"file:///mnt/disco2/Radocc/Projetos/video_player/rad_video_player_platform_interface/pubspec.yaml","version":6},"contentChanges":[{"range":{"start":{"line":5,"character":11},"end":{"line":5,"character":11}},"rangeLength":0,"text":"0"}]}}
[16:50:15] [Analyzer] [Info] <== Content-Length: 97
Content-Type: application/vscode-jsonrpc; charset=utf-8
[16:50:15] [Analyzer] [Info] <== {"id":6,"method":"window/workDoneProgress/create","params":{"token":"ANALYZING"},"jsonrpc":"2.0"}
[16:50:15] [Analyzer] [Info] ==> Content-Length: 38
[16:50:15] [Analyzer] [Info] ==> {"jsonrpc":"2.0","id":6,"result":null}
[16:50:15] [Analyzer] [Info] <== Content-Length: 118
Content-Type: application/vscode-jsonrpc; charset=utf-8
[16:50:15] [Analyzer] [Info] <== {"method":"$/progress","params":{"token":"ANALYZING","value":{"kind":"begin","title":"Analyzing…"}},"jsonrpc":"2.0"}
[16:50:15] [Analyzer] [Info] <== Content-Length: 93
Content-Type: application/vscode-jsonrpc; charset=utf-8

{"method":"$/progress","params":{"token":"ANALYZING","value":{"kind":"end"}},"jsonrpc":"2.0"}
[16:50:15] [Analyzer] [Info] ==> Content-Length: 320
[16:50:15] [Analyzer] [Info] ==> {"jsonrpc":"2.0","method":"textDocument/didChange","params":{"textDocument":{"uri":"file:///mnt/disco2/Radocc/Projetos/video_player/rad_video_player_platform_interface/pubspec.yaml","version":7},"contentChanges":[{"range":{"start":{"line":5,"character":12},"end":{"line":5,"character":12}},"rangeLength":0,"text":"."}]}}
[16:50:15] [Analyzer] [Info] <== Content-Length: 97
Content-Type: application/vscode-jsonrpc; charset=utf-8
[16:50:15] [Analyzer] [Info] <== {"id":7,"method":"window/workDoneProgress/create","params":{"token":"ANALYZING"},"jsonrpc":"2.0"}
[16:50:15] [Analyzer] [Info] ==> Content-Length: 38
[16:50:15] [Analyzer] [Info] ==> {"jsonrpc":"2.0","id":7,"result":null}
[16:50:15] [Analyzer] [Info] <== Content-Length: 118
Content-Type: application/vscode-jsonrpc; charset=utf-8
[16:50:15] [Analyzer] [Info] <== {"method":"$/progress","params":{"token":"ANALYZING","value":{"kind":"begin","title":"Analyzing…"}},"jsonrpc":"2.0"}
[16:50:15] [Analyzer] [Info] <== Content-Length: 93
Content-Type: application/vscode-jsonrpc; charset=utf-8
[16:50:15] [Analyzer] [Info] <== {"method":"$/progress","params":{"token":"ANALYZING","value":{"kind":"end"}},"jsonrpc":"2.0"}
[16:50:15] [Analyzer] [Info] ==> Content-Length: 320
[16:50:15] [Analyzer] [Info] ==> {"jsonrpc":"2.0","method":"textDocument/didChange","params":{"textDocument":{"uri":"file:///mnt/disco2/Radocc/Projetos/video_player/rad_video_player_platform_interface/pubspec.yaml","version":8},"contentChanges":[{"range":{"start":{"line":5,"character":13},"end":{"line":5,"character":13}},"rangeLength":0,"text":"1"}]}}
[16:50:15] [Analyzer] [Info] <== Content-Length: 97
Content-Type: application/vscode-jsonrpc; charset=utf-8
[16:50:15] [Analyzer] [Info] <== {"id":8,"method":"window/workDoneProgress/create","params":{"token":"ANALYZING"},"jsonrpc":"2.0"}
[16:50:15] [Analyzer] [Info] ==> Content-Length: 38
[16:50:15] [Analyzer] [Info] ==> {"jsonrpc":"2.0","id":8,"result":null}
[16:50:15] [Analyzer] [Info] <== Content-Length: 118
Content-Type: application/vscode-jsonrpc; charset=utf-8
[16:50:15] [Analyzer] [Info] <== {"method":"$/progress","params":{"token":"ANALYZING","value":{"kind":"begin","title":"Analyzing…"}},"jsonrpc":"2.0"}
[16:50:15] [Analyzer] [Info] <== Content-Length: 93
Content-Type: application/vscode-jsonrpc; charset=utf-8
[16:50:15] [Analyzer] [Info] <== {"method":"$/progress","params":{"token":"ANALYZING","value":{"kind":"end"}},"jsonrpc":"2.0"}
[16:50:16] [Analyzer] [Info] <== Content-Length: 186
Content-Type: application/vscode-jsonrpc; charset=utf-8
[16:50:16] [Analyzer] [Info] <== {"method":"textDocument/publishDiagnostics","params":{"uri":"file:///home/diegocchi/fvm/versions/2.5.1/packages/flutter/lib/analysis_options_user.yaml","diagnostics":[]},"jsonrpc":"2.0"}
[16:50:16] [Analyzer] [Info] <== Content-Length: 193
Content-Type: application/vscode-jsonrpc; charset=utf-8
[16:50:16] [Analyzer] [Info] <== {"method":"textDocument/publishDiagnostics","params":{"uri":"file:///mnt/disco2/Radocc/Projetos/video_player/rad_video_player_platform_interface/pubspec.yaml","diagnostics":[]},"jsonrpc":"2.0"}
[16:50:16] [Analyzer] [Info] <== Content-Length: 198
Content-Type: application/vscode-jsonrpc; charset=utf-8
[16:50:16] [Analyzer] [Info] <== {"method":"textDocument/publishDiagnostics","params":{"uri":"file:///mnt/disco2/Radocc/Projetos/video_player/rad_video_player_platform_interface/lib/messages.dart","diagnostics":[]},"jsonrpc":"2.0"}
[16:50:16] [Analyzer] [Info] <== Content-Length: 194
Content-Type: application/vscode-jsonrpc; charset=utf-8
[16:50:16] [Analyzer] [Info] <== {"method":"textDocument/publishDiagnostics","params":{"uri":"file:///mnt/disco2/Radocc/Projetos/video_player/rad_video_player_platform_interface/lib/test.dart","diagnostics":[]},"jsonrpc":"2.0"}
[16:50:16] [Analyzer] [Info] <== Content-Length: 221
Content-Type: application/vscode-jsonrpc; charset=utf-8

{"method":"textDocument/publishDiagnostics","params":{"uri":"file:///mnt/disco2/Radocc/Projetos/video_player/rad_video_player_platform_interface/lib/video_player_platform_interface.dart","diagnostics":[]},"jsonrpc":"2.0"}
[16:50:16] [Analyzer] [Info] <== Content-Length: 217
Content-Type: application/vscode-jsonrpc; charset=utf-8

{"method":"textDocument/publishDiagnostics","params":{"uri":"file:///mnt/disco2/Radocc/Projetos/video_player/rad_video_player_platform_interface/lib/method_channel_video_player.dart","diagnostics":[]},"jsonrpc":"2.0"}
[16:50:16] [Analyzer] [Info] <== Content-Length: 223
Content-Type: application/vscode-jsonrpc; charset=utf-8

{"method":"textDocument/publishDiagnostics","params":{"uri":"file:///mnt/disco2/Radocc/Projetos/video_player/rad_video_player_platform_interface/test/method_channel_video_player_test.dart","diagnostics":[]},"jsonrpc":"2.0"}Content-Length: 193
Content-Type: application/vscode-jsonrpc; charset=utf-8

{"method":"textDocument/publishDiagnostics","params":{"uri":"file:///mnt/disco2/Radocc/Projetos/video_player/rad_video_player_platform_interface/pubspec.yaml","diagnostics":[]},"jsonrpc":"2.0"}
[16:50:16] [Analyzer] [Info] <== Content-Length: 97
Content-Type: application/vscode-jsonrpc; charset=utf-8

{"id":9,"method":"window/workDoneProgress/create","params":{"token":"ANALYZING"},"jsonrpc":"2.0"}
[16:50:16] [Analyzer] [Info] ==> Content-Length: 38
[16:50:16] [Analyzer] [Info] ==> {"jsonrpc":"2.0","id":9,"result":null}
[16:50:16] [Analyzer] [Info] <== Content-Length: 118
Content-Type: application/vscode-jsonrpc; charset=utf-8
[16:50:16] [Analyzer] [Info] <== {"method":"$/progress","params":{"token":"ANALYZING","value":{"kind":"begin","title":"Analyzing…"}},"jsonrpc":"2.0"}
[16:50:17] [Analyzer] [Info] <== Content-Length: 198
Content-Type: application/vscode-jsonrpc; charset=utf-8
[16:50:17] [Analyzer] [Info] <== {"method":"textDocument/publishDiagnostics","params":{"uri":"file:///mnt/disco2/Radocc/Projetos/video_player/rad_video_player_platform_interface/lib/messages.dart","diagnostics":[]},"jsonrpc":"2.0"}
[16:50:17] [Analyzer] [Info] <== Content-Length: 194
Content-Type: application/vscode-jsonrpc; charset=utf-8
[16:50:17] [Analyzer] [Info] <== {"method":"textDocument/publishDiagnostics","params":{"uri":"file:///mnt/disco2/Radocc/Projetos/video_player/rad_video_player_platform_interface/lib/test.dart","diagnostics":[]},"jsonrpc":"2.0"}
[16:50:17] [Analyzer] [Info] <== Content-Length: 408
Content-Type: application/vscode-jsonrpc; charset=utf-8
[16:50:17] [Analyzer] [Info] <== {"method":"textDocument/publishDiagnostics","params":{"uri":"file:///mnt/disco2/Radocc/Projetos/video_player/rad_video_player_platform_interface/lib/video_player_platform_interface.dart","diagnostics":[{"range":{"start":{"line":41,"character":5},"end":{"line":41,"character":58}},"severity":3,"code":"todo","source":"dart","message":"TODO(amirh): Extract common platform interface logic."}]},"jsonrpc":"2.0"}
[16:50:17] [Analyzer] [Info] <== Content-Length: 217
Content-Type: application/vscode-jsonrpc; charset=utf-8
[16:50:17] [Analyzer] [Info] <== {"method":"textDocument/publishDiagnostics","params":{"uri":"file:///mnt/disco2/Radocc/Projetos/video_player/rad_video_player_platform_interface/lib/method_channel_video_player.dart","diagnostics":[]},"jsonrpc":"2.0"}
[16:50:18] [Analyzer] [Info] <== Content-Length: 416
Content-Type: application/vscode-jsonrpc; charset=utf-8
[16:50:18] [Analyzer] [Info] <== {"method":"textDocument/publishDiagnostics","params":{"uri":"file:///mnt/disco2/Radocc/Projetos/video_player/rad_video_player_platform_interface/test/method_channel_video_player_test.dart","diagnostics":[{"range":{"start":{"line":339,"character":3},"end":{"line":339,"character":60}},"severity":3,"code":"todo","source":"dart","message":"TODO(ianh): Remove this once we roll stable in late 2021."}]},"jsonrpc":"2.0"}
[16:50:18] [Analyzer] [Info] <== Content-Length: 93
Content-Type: application/vscode-jsonrpc; charset=utf-8
[16:50:18] [Analyzer] [Info] <== {"method":"$/progress","params":{"token":"ANALYZING","value":{"kind":"end"}},"jsonrpc":"2.0"}
[16:50:33] [Analyzer] [Info] ==> Content-Length: 64
[16:50:33] [Analyzer] [Info] ==> {"jsonrpc":"2.0","method":"$/setTrace","params":{"value":"off"}}
[16:50:33] [Analyzer] [Info] ==> Content-Length: 88
[16:50:33] [Analyzer] [Info] ==> {"jsonrpc":"2.0","method":"workspace/didChangeConfiguration","params":{"settings":null}}
[16:50:33] [Analyzer] [Info] <== Content-Length: 216
Content-Type: application/vscode-jsonrpc; charset=utf-8
[16:50:33] [Analyzer] [Info] <== {"id":10,"method":"workspace/configuration","params":{"items":[{"scopeUri":"file:///mnt/disco2/Radocc/Projetos/video_player/rad_video_player_platform_interface","section":"dart"},{"section":"dart"}]},"jsonrpc":"2.0"}
[16:50:33] [Analyzer] [Info] ==> Content-Length: 6370
[16:50:33] [Analyzer] [Info] ==> {"jsonrpc":"2.0","id":10,"result":[{"additionalAnalyzerFileExtensions":[],"allowTestsOutsideTestFolder":false,"automaticCommentSlashes":"tripleSlash","cliConsole":"debugConsole","enableSdkFormatter":true,"enableServerSnippets":false,"enableSnippets":true,"env":{},"closingLabels":true,"analysisServerFolding":true,"analysisExcludedFolders":[],"flutterCustomEmulators":[],"debugSdkLibraries":false,"debugExternalPackageLibraries":false,"showDartDeveloperLogs":true,"showSkippedTests":true,"flutterStructuredErrors":true,"enableCompletionCommitCharacters":false,"previewCommitCharacters":false,"triggerSignatureHelpAutomatically":false,"flutterAdbConnectOnChromeOs":false,"flutterTrackWidgetCreation":true,"flutterAdditionalArgs":[],"flutterAttachAdditionalArgs":[],"flutterRunAdditionalArgs":[],"flutterTestAdditionalArgs":[],"showInspectorNotificationsForWidgetErrors":false,"hotReloadProgress":"notification","evaluateGettersInDebugViews":true,"sdkPath":".fvm/flutter_sdk","sdkPaths":[],"debugExtensionBackendProtocol":"ws","devToolsTheme":"dark","devToolsBrowser":"chrome","showDevToolsDebugToolBarButtons":true,"doNotFormat":[],"lineLength":80,"maxLogLineLength":2000,"insertArgumentPlaceholders":true,"completeFunctionCalls":true,"showMainCodeLens":true,"showTestCodeLens":true,"showDartPadSampleCodeLens":true,"showTodos":true,"openTestView":["testRunStart"],"notifyAnalyzerErrors":true,"allowAnalytics":true,"checkForSdkUpdates":true,"pubAdditionalArgs":[],"runPubGetOnPubspecChanges":false,"promptToGetPackages":true,"flutterScreenshotPath":null,"flutterSdkPath":".fvm/flutter_sdk","flutterSdkPaths":[],"flutterHotReloadOnSave":"manual","flutterHotRestartOnSave":true,"flutterCreateOffline":false,"flutterCreateOrganization":null,"flutterCreateIOSLanguage":"swift","flutterCreateAndroidLanguage":"kotlin","analyzeAngularTemplates":true,"flutterOutline":true,"flutterWebRenderer":"auto","analyzerAdditionalArgs":[],"analyzerDiagnosticsPort":null,"analyzerInstrumentationLogFile":null,"analy…
